<?xml version="1.0" encoding="UTF-8"?>
<testsuite xmlns:xsi="http://www.w3.org/2001/XMLSchema-instance" xsi:noNamespaceSchemaLocation="https://maven.apache.org/surefire/maven-surefire-plugin/xsd/surefire-test-report.xsd" name="Junit_report.JUnitReportTest" time="0.083" tests="5" errors="0" skipped="0" failures="0">
  <properties>
[...]
</properties>
  <testcase name="test2" classname="Junit_report.JUnitReportTest" time="0.057"/>
  <testcase name="test3" classname="Junit_report.JUnitReportTest" time="0.005"/>
  <testcase name="test1" classname="Junit_report.JUnitReportTest" time="0.002"/>
  <testcase name="test0" classname="Junit_report.JUnitReportTest" time="0.001"/>
  <testcase name="test4" classname="Junit_report.JUnitReportTest" time="0.001"/>
</testsuite>